<?xml version="1.0" encoding="UTF-8"?>
<!-- Generated by org.testng.reporters.JUnitReportReporter -->
<testsuite hostname="DESKTOP-AS0I1JV" failures="0" tests="4" name="tests.LoginTest" time="54.542" errors="0" timestamp="2025-03-22T11:08:56 IST" skipped="0">
  <testcase classname="tests.LoginTest" name="AllProductsTest" time="11.259"/>
  <testcase classname="tests.LoginTest" name="SignIn" time="11.877"/>
  <testcase classname="tests.LoginTest" name="ProductSelection" time="10.561"/>
  <testcase classname="tests.LoginTest" name="AddtoCart" time="20.845"/>
</testsuite> <!-- tests.LoginTest -->
