<?xml version="1.0" encoding="UTF-8"?>
<!-- Generated by org.testng.reporters.JUnitReportReporter -->
<testsuite hostname="DESKTOP-AS0I1JV" failures="0" tests="4" name="StepDefinition.LoginStep" time="16.888" errors="0" timestamp="2025-03-26T16:01:13 IST" skipped="3">
  <testcase classname="StepDefinition.LoginStep" name="SignIn" time="16.888"/>
  <testcase classname="StepDefinition.LoginStep" name="AllProductsTest">
    <skipped/>
  </testcase> <!-- AllProductsTest -->
  <testcase classname="StepDefinition.LoginStep" name="AddtoCart">
    <skipped/>
  </testcase> <!-- AddtoCart -->
  <testcase classname="StepDefinition.LoginStep" name="ProductSelection">
    <skipped/>
  </testcase> <!-- ProductSelection -->
</testsuite> <!-- StepDefinition.LoginStep -->
