<?xml version="1.0" encoding="UTF-8"?>
<!-- Generated by org.testng.reporters.JUnitReportReporter -->
<testsuite hostname="DESKTOP-AS0I1JV" failures="0" tests="6" name="Runners.TestRunner" time="198.161" errors="0" timestamp="2025-04-12T11:29:50 IST" skipped="0">
  <testcase classname="Runners.TestRunner" name="runScenario" time="8.802"/>
  <testcase classname="Runners.TestRunner" name="runScenario" time="7.895"/>
  <testcase classname="Runners.TestRunner" name="runScenario" time="74.979"/>
  <testcase classname="Runners.TestRunner" name="runScenario" time="37.118"/>
  <testcase classname="Runners.TestRunner" name="runScenario" time="10.705"/>
  <testcase classname="Runners.TestRunner" name="runScenario" time="58.662"/>
</testsuite> <!-- Runners.TestRunner -->
